Traceback (most recent call last):
  File "C:\ProgramData\Anaconda3\lib\site-packages\jupyter_cache\executors\utils.py", line 56, in single_nb_execution
    record_timing=False,
  File "C:\ProgramData\Anaconda3\lib\site-packages\nbclient\client.py", line 1112, in execute
    return NotebookClient(nb=nb, resources=resources, km=km, **kwargs).execute()
  File "C:\ProgramData\Anaconda3\lib\site-packages\nbclient\util.py", line 74, in wrapped
    return just_run(coro(*args, **kwargs))
  File "C:\ProgramData\Anaconda3\lib\site-packages\nbclient\util.py", line 53, in just_run
    return loop.run_until_complete(coro)
  File "C:\ProgramData\Anaconda3\lib\asyncio\base_events.py", line 568, in run_until_complete
    return future.result()
  File "C:\ProgramData\Anaconda3\lib\site-packages\nbclient\client.py", line 554, in async_execute
    cell, index, execution_count=self.code_cells_executed + 1
  File "C:\ProgramData\Anaconda3\lib\site-packages\nbclient\client.py", line 857, in async_execute_cell
    self._check_raise_for_error(cell, exec_reply)
  File "C:\ProgramData\Anaconda3\lib\site-packages\nbclient\client.py", line 760, in _check_raise_for_error
    raise CellExecutionError.from_cell_and_msg(cell, exec_reply_content)
nbclient.exceptions.CellExecutionError: An error occurred while executing the following cell:
------------------
from bokeh.models.formatters import DatetimeTickFormatter
formatter = DatetimeTickFormatter(months='%b %Y')
sst.hvplot(xformatter=formatter)
------------------

[1;31m---------------------------------------------------------------------------[0m
[1;31mNameError[0m                                 Traceback (most recent call last)
[1;32m<ipython-input-5-a4fb2a09591c>[0m in [0;36m<module>[1;34m[0m
[0;32m      1[0m [1;32mfrom[0m [0mbokeh[0m[1;33m.[0m[0mmodels[0m[1;33m.[0m[0mformatters[0m [1;32mimport[0m [0mDatetimeTickFormatter[0m[1;33m[0m[0m
[0;32m      2[0m [0mformatter[0m [1;33m=[0m [0mDatetimeTickFormatter[0m[1;33m([0m[0mmonths[0m[1;33m=[0m[1;34m'%b %Y'[0m[1;33m)[0m[1;33m[0m[0m
[1;32m----> 3[1;33m [0msst[0m[1;33m.[0m[0mhvplot[0m[1;33m([0m[0mxformatter[0m[1;33m=[0m[0mformatter[0m[1;33m)[0m[1;33m[0m[0m
[0m
[1;31mNameError[0m: name 'sst' is not defined
NameError: name 'sst' is not defined

